<?xml version="1.0" encoding="UTF-8"?>
<!-- Generated by org.testng.reporters.JUnitReportReporter -->
<testsuite skipped="0" hostname="DDT" name="TestCase.LoginTest" tests="1" failures="0" timestamp="21 Feb 2020 16:09:20 GMT" time="14.335" errors="0">
  <testcase name="Test" time="14.335" classname="TestCase.LoginTest"/>
</testsuite> <!-- TestCase.LoginTest -->
